<?xml version="1.0" encoding="UTF-8"?>
<!-- Generated by org.testng.reporters.JUnitXMLReporter -->
<testsuite ignored="0" hostname="DESKTOP-QB4O65F" failures="0" tests="4" name="Default test" time="254.801" errors="0" timestamp="2022-10-18T19:32:15 IST">
  <testcase classname="ecommerce.Automation" name="LaunchChrome" time="2.026"/>
  <testcase classname="ecommerce.Automation" name="LaunchFirefox" time="4.013"/>
  <testcase classname="ecommerce.Automation" name="f" time="109.571"/>
  <testcase classname="ecommerce.Automation" name="firefox" time="139.132"/>
</testsuite> <!-- Default test -->
