<?xml version="1.0" encoding="UTF-8"?>
<testng-results ignored="0" total="4" passed="4" failed="0" skipped="0">
  <reporter-output>
  </reporter-output>
  <suite started-at="2022-10-18T19:28:00 IST" name="Default suite" finished-at="2022-10-18T19:32:14 IST" duration-ms="254801">
    <groups>
      <group name="Chrome">
        <method signature="Automation.LaunchChrome()[pri:0, instance:ecommerce.Automation@5b8dfcc1]" name="LaunchChrome" class="ecommerce.Automation"/>
        <method signature="Automation.f()[pri:0, instance:ecommerce.Automation@5b8dfcc1]" name="f" class="ecommerce.Automation"/>
      </group> <!-- Chrome -->
      <group name="Firefox">
        <method signature="Automation.LaunchFirefox()[pri:0, instance:ecommerce.Automation@5b8dfcc1]" name="LaunchFirefox" class="ecommerce.Automation"/>
        <method signature="Automation.firefox()[pri:0, instance:ecommerce.Automation@5b8dfcc1]" name="firefox" class="ecommerce.Automation"/>
      </group> <!-- Firefox -->
    </groups>
    <test started-at="2022-10-18T19:28:00 IST" name="Default test" finished-at="2022-10-18T19:32:14 IST" duration-ms="254801">
      <class name="ecommerce.Automation">
        <test-method signature="LaunchChrome()[pri:0, instance:ecommerce.Automation@5b8dfcc1]" started-at="2022-10-18T19:28:00 IST" name="LaunchChrome" finished-at="2022-10-18T19:28:02 IST" duration-ms="2026" status="PASS">
          <reporter-output>
          </reporter-output>
        </test-method> <!-- LaunchChrome -->
        <test-method signature="LaunchFirefox()[pri:0, instance:ecommerce.Automation@5b8dfcc1]" started-at="2022-10-18T19:28:02 IST" name="LaunchFirefox" finished-at="2022-10-18T19:28:06 IST" duration-ms="4013" status="PASS">
          <reporter-output>
          </reporter-output>
        </test-method> <!-- LaunchFirefox -->
        <test-method signature="f()[pri:0, instance:ecommerce.Automation@5b8dfcc1]" started-at="2022-10-18T19:28:06 IST" name="f" finished-at="2022-10-18T19:29:55 IST" depends-on-methods="ecommerce.Automation.LaunchChrome" duration-ms="109571" status="PASS">
          <reporter-output>
          </reporter-output>
        </test-method> <!-- f -->
        <test-method signature="firefox()[pri:0, instance:ecommerce.Automation@5b8dfcc1]" started-at="2022-10-18T19:29:55 IST" name="firefox" finished-at="2022-10-18T19:32:14 IST" depends-on-methods="ecommerce.Automation.LaunchFirefox" duration-ms="139132" status="PASS">
          <reporter-output>
          </reporter-output>
        </test-method> <!-- firefox -->
      </class> <!-- ecommerce.Automation -->
    </test> <!-- Default test -->
  </suite> <!-- Default suite -->
</testng-results>
